<?xml version="1.0" encoding="UTF-8"?>
<robot generator="Robot 6.1.1 (Python 3.12.1 on win32)" generated="20240201 20:23:24.416" rpa="false" schemaversion="4">
<suite id="s1" name="preencher Formulario" source="C:\Users\natan\OneDrive\Imagens\Documentos\testeRobotLasic\suites\preencher_Formulario">
<suite id="s1-s1" name="preencher Formulario" source="C:\Users\natan\OneDrive\Imagens\Documentos\testeRobotLasic\suites\preencher_Formulario\preencher_Formulario.robot">
<test id="s1-s1-t1" name="TC01 - Acessando o formulario de ponto de controle e preenchendo as informações" line="8">
<kw name="Acessar site e fazer login institucional" library="setups_teardowns" type="SETUP">
<kw name="Open Browser" library="SeleniumLibrary">
<arg>${geral.URL}</arg>
<arg>${geral.Browser}</arg>
<doc>Opens a new browser instance to the optional ``url``.</doc>
<msg timestamp="20240201 20:23:24.750" level="INFO">Opening browser 'chrome' to base url 'https://docs.google.com/forms/d/e/1FAIpQLSeZEahLGWaM9d6XcVwbvNoIRiZJEikZi-St_6KFevakJhPFHQ/viewform'.</msg>
<status status="PASS" starttime="20240201 20:23:24.749" endtime="20240201 20:23:31.539"/>
</kw>
<kw name="Maximize Browser Window" library="SeleniumLibrary">
<doc>Maximizes current browser window.</doc>
<status status="PASS" starttime="20240201 20:23:31.539" endtime="20240201 20:23:31.661"/>
</kw>
<kw name="Wait Until Element Is Visible" library="SeleniumLibrary">
<arg>${login_Page.Input_Email}</arg>
<arg>10s</arg>
<doc>Waits until the element ``locator`` is visible.</doc>
<status status="PASS" starttime="20240201 20:23:31.662" endtime="20240201 20:23:31.717"/>
</kw>
<kw name="Input Text" library="SeleniumLibrary">
<arg>${login_Page.Input_Email}</arg>
<arg>${geral.Email}</arg>
<doc>Types the given ``text`` into the text field identified by ``locator``.</doc>
<msg timestamp="20240201 20:23:31.718" level="INFO">Typing text 'natanael.santos.lino08@aluno.ifce.edu.br' into text field '//input[@name="identifier"]'.</msg>
<status status="PASS" starttime="20240201 20:23:31.717" endtime="20240201 20:23:31.953"/>
</kw>
<kw name="Press Keys" library="SeleniumLibrary">
<arg>${login_Page.Input_Email}</arg>
<arg>ENTER</arg>
<doc>Simulates the user pressing key(s) to an element or on the active browser.</doc>
<msg timestamp="20240201 20:23:31.954" level="INFO">Sending key(s) ('ENTER',) to //input[@name="identifier"] element.</msg>
<msg timestamp="20240201 20:23:32.240" level="INFO">Pressing special key ENTER to element.</msg>
<msg timestamp="20240201 20:23:32.240" level="INFO">Releasing special key ENTER.</msg>
<status status="PASS" starttime="20240201 20:23:31.953" endtime="20240201 20:23:32.341"/>
</kw>
<kw name="Wait Until Element Is Visible" library="SeleniumLibrary">
<arg>${login_Page.Input_Senha}</arg>
<arg>10s</arg>
<doc>Waits until the element ``locator`` is visible.</doc>
<status status="PASS" starttime="20240201 20:23:32.341" endtime="20240201 20:23:35.950"/>
</kw>
<kw name="Input Text" library="SeleniumLibrary">
<arg>${login_Page.Input_Senha}</arg>
<arg>${geral.Senha}</arg>
<doc>Types the given ``text`` into the text field identified by ``locator``.</doc>
<msg timestamp="20240201 20:23:35.951" level="INFO">Typing text 'senhaTesteLasic.123' into text field '//input[@name="Passwd"]'.</msg>
<status status="PASS" starttime="20240201 20:23:35.950" endtime="20240201 20:23:36.088"/>
</kw>
<kw name="Press Keys" library="SeleniumLibrary">
<arg>${login_Page.Input_Senha}</arg>
<arg>ENTER</arg>
<doc>Simulates the user pressing key(s) to an element or on the active browser.</doc>
<msg timestamp="20240201 20:23:36.089" level="INFO">Sending key(s) ('ENTER',) to //input[@name="Passwd"] element.</msg>
<msg timestamp="20240201 20:23:36.473" level="INFO">Pressing special key ENTER to element.</msg>
<msg timestamp="20240201 20:23:36.473" level="INFO">Releasing special key ENTER.</msg>
<status status="PASS" starttime="20240201 20:23:36.088" endtime="20240201 20:23:36.510"/>
</kw>
<status status="PASS" starttime="20240201 20:23:24.749" endtime="20240201 20:23:36.510"/>
</kw>
<kw name="Dado que clique na checkbox enviar por email" library="home_page">
<kw name="Wait Until Element Is Visible" library="SeleniumLibrary">
<arg>${home_Page.Div_CheckBox}</arg>
<arg>10s</arg>
<doc>Waits until the element ``locator`` is visible.</doc>
<status status="PASS" starttime="20240201 20:23:36.511" endtime="20240201 20:23:41.513"/>
</kw>
<kw name="Click Element" library="SeleniumLibrary">
<arg>${home_Page.Div_CheckBox}</arg>
<doc>Click the element identified by ``locator``.</doc>
<msg timestamp="20240201 20:23:41.514" level="INFO">Clicking element '//div[@id="i5"]'.</msg>
<status status="PASS" starttime="20240201 20:23:41.514" endtime="20240201 20:23:41.565"/>
</kw>
<status status="PASS" starttime="20240201 20:23:36.511" endtime="20240201 20:23:41.566"/>
</kw>
<kw name="Quando informa o nome completo" library="home_page">
<kw name="Wait Until Element Is Visible" library="SeleniumLibrary">
<arg>${home_Page.Div_ListBox_Escolher_Nome}</arg>
<arg>10s</arg>
<doc>Waits until the element ``locator`` is visible.</doc>
<status status="PASS" starttime="20240201 20:23:41.567" endtime="20240201 20:23:41.597"/>
</kw>
<kw name="Click Element" library="SeleniumLibrary">
<arg>${home_Page.Div_ListBox_Escolher_Nome}</arg>
<doc>Click the element identified by ``locator``.</doc>
<msg timestamp="20240201 20:23:41.597" level="INFO">Clicking element '//div[@role="listbox"]'.</msg>
<status status="PASS" starttime="20240201 20:23:41.597" endtime="20240201 20:23:41.644"/>
</kw>
<kw name="Wait Until Element Is Visible" library="SeleniumLibrary">
<arg>${home_Page.Span_Nome_Completo}</arg>
<arg>10s</arg>
<doc>Waits until the element ``locator`` is visible.</doc>
<status status="PASS" starttime="20240201 20:23:41.644" endtime="20240201 20:23:41.898"/>
</kw>
<kw name="Click Element" library="SeleniumLibrary">
<arg>${home_Page.Span_Nome_Completo}</arg>
<doc>Click the element identified by ``locator``.</doc>
<msg timestamp="20240201 20:23:41.899" level="INFO">Clicking element '(//span[text()="Antônio Herbert da Silva Francelino"])[2]'.</msg>
<status status="PASS" starttime="20240201 20:23:41.898" endtime="20240201 20:23:41.944"/>
</kw>
<status status="PASS" starttime="20240201 20:23:41.566" endtime="20240201 20:23:41.944"/>
</kw>
<kw name="E informar horario, area e projeto trabalhado" library="home_page">
<kw name="Wait Until Element Is Visible" library="SeleniumLibrary">
<arg>${home_Page.Div_Radio_Horario}</arg>
<arg>10s</arg>
<doc>Waits until the element ``locator`` is visible.</doc>
<status status="PASS" starttime="20240201 20:23:41.945" endtime="20240201 20:23:41.978"/>
</kw>
<kw name="Click Element" library="SeleniumLibrary">
<arg>${home_Page.Div_Radio_Horario}</arg>
<doc>Click the element identified by ``locator``.</doc>
<msg timestamp="20240201 20:23:41.979" level="INFO">Clicking element '//div[@id="i31"]'.</msg>
<status status="PASS" starttime="20240201 20:23:41.978" endtime="20240201 20:23:42.508"/>
</kw>
<kw name="Wait Until Element Is Visible" library="SeleniumLibrary">
<arg>${home_Page.Div_Radio_Area}</arg>
<arg>10s</arg>
<doc>Waits until the element ``locator`` is visible.</doc>
<status status="PASS" starttime="20240201 20:23:42.508" endtime="20240201 20:23:42.530"/>
</kw>
<kw name="Click Element" library="SeleniumLibrary">
<arg>${home_Page.Div_Radio_Area}</arg>
<doc>Click the element identified by ``locator``.</doc>
<msg timestamp="20240201 20:23:42.531" level="INFO">Clicking element '//div[@id="i47"]'.</msg>
<status status="PASS" starttime="20240201 20:23:42.530" endtime="20240201 20:23:42.566"/>
</kw>
<kw name="Wait Until Element Is Visible" library="SeleniumLibrary">
<arg>${home_Page.Div_CheckBox_Projeto}</arg>
<arg>10s</arg>
<doc>Waits until the element ``locator`` is visible.</doc>
<status status="PASS" starttime="20240201 20:23:42.566" endtime="20240201 20:23:42.593"/>
</kw>
<kw name="Click Element" library="SeleniumLibrary">
<arg>${home_Page.Div_CheckBox_Projeto}</arg>
<doc>Click the element identified by ``locator``.</doc>
<msg timestamp="20240201 20:23:42.594" level="INFO">Clicking element '//div[@id="i85"]'.</msg>
<status status="PASS" starttime="20240201 20:23:42.594" endtime="20240201 20:23:42.641"/>
</kw>
<status status="PASS" starttime="20240201 20:23:41.944" endtime="20240201 20:23:42.641"/>
</kw>
<kw name="E informar atividade a ser desenvolvida" library="home_page">
<kw name="Wait Until Element Is Visible" library="SeleniumLibrary">
<arg>${home_Page.Textarea_Atividade_Desenvolvida}</arg>
<arg>10s</arg>
<doc>Waits until the element ``locator`` is visible.</doc>
<status status="PASS" starttime="20240201 20:23:42.643" endtime="20240201 20:23:42.666"/>
</kw>
<kw name="Input Text" library="SeleniumLibrary">
<arg>${home_Page.Textarea_Atividade_Desenvolvida}</arg>
<arg>${geral.Atividade_Desenvolvida}</arg>
<doc>Types the given ``text`` into the text field identified by ``locator``.</doc>
<msg timestamp="20240201 20:23:42.667" level="INFO">Typing text 'Estudo e aplicação de teste robotframework' into text field '//textarea[@class="KHxj8b tL9Q4c"]'.</msg>
<status status="PASS" starttime="20240201 20:23:42.666" endtime="20240201 20:23:42.925"/>
</kw>
<status status="PASS" starttime="20240201 20:23:42.643" endtime="20240201 20:23:42.925"/>
</kw>
<kw name="Então clique em limpar formulario" library="home_page">
<kw name="Wait Until Element Is Visible" library="SeleniumLibrary">
<arg>${home_Page.Span_Limpar_Formulario}</arg>
<arg>10s</arg>
<doc>Waits until the element ``locator`` is visible.</doc>
<status status="PASS" starttime="20240201 20:23:42.926" endtime="20240201 20:23:42.944"/>
</kw>
<kw name="Click Element" library="SeleniumLibrary">
<arg>${home_Page.Span_Limpar_Formulario}</arg>
<doc>Click the element identified by ``locator``.</doc>
<msg timestamp="20240201 20:23:42.945" level="INFO">Clicking element '//span[text()="Limpar formulário"]'.</msg>
<status status="PASS" starttime="20240201 20:23:42.945" endtime="20240201 20:23:42.997"/>
</kw>
<status status="PASS" starttime="20240201 20:23:42.925" endtime="20240201 20:23:42.997"/>
</kw>
<kw name="Fechar navegador" library="setups_teardowns" type="TEARDOWN">
<kw name="Close Browser" library="SeleniumLibrary">
<doc>Closes the current browser.</doc>
<status status="PASS" starttime="20240201 20:23:42.997" endtime="20240201 20:23:45.330"/>
</kw>
<status status="PASS" starttime="20240201 20:23:42.997" endtime="20240201 20:23:45.331"/>
</kw>
<status status="PASS" starttime="20240201 20:23:24.747" endtime="20240201 20:23:45.331"/>
</test>
<status status="PASS" starttime="20240201 20:23:24.442" endtime="20240201 20:23:45.331"/>
</suite>
<status status="PASS" starttime="20240201 20:23:24.418" endtime="20240201 20:23:45.334"/>
</suite>
<statistics>
<total>
<stat pass="1" fail="0" skip="0">All Tests</stat>
</total>
<tag>
</tag>
<suite>
<stat pass="1" fail="0" skip="0" id="s1" name="preencher Formulario">preencher Formulario</stat>
<stat pass="1" fail="0" skip="0" id="s1-s1" name="preencher Formulario">preencher Formulario.preencher Formulario</stat>
</suite>
</statistics>
<errors>
</errors>
</robot>
