<?xml version="1.0" encoding="UTF-8"?>
<robot generator="Robot 6.1.1 (Python 3.12.1 on win32)" generated="20240201 20:36:28.115" rpa="false" schemaversion="4">
<suite id="s1" name="preencher Formulario" source="C:\Users\natan\OneDrive\Imagens\Documentos\testeRobotLasic\suites\preencher_Formulario">
<suite id="s1-s1" name="preencher Formulario" source="C:\Users\natan\OneDrive\Imagens\Documentos\testeRobotLasic\suites\preencher_Formulario\preencher_Formulario.robot">
<test id="s1-s1-t1" name="TC01 - Acessando o formulario de ponto de controle e preenchendo as informações" line="8">
<kw name="Acessar site e fazer login institucional" library="setups_teardowns" type="SETUP">
<kw name="Open Browser" library="SeleniumLibrary">
<arg>${geral.URL}</arg>
<arg>${geral.Browser}</arg>
<doc>Opens a new browser instance to the optional ``url``.</doc>
<msg timestamp="20240201 20:36:28.330" level="INFO">Opening browser 'chrome' to base url 'https://docs.google.com/forms/d/e/1FAIpQLSeZEahLGWaM9d6XcVwbvNoIRiZJEikZi-St_6KFevakJhPFHQ/viewform'.</msg>
<status status="PASS" starttime="20240201 20:36:28.329" endtime="20240201 20:36:32.738"/>
</kw>
<kw name="Maximize Browser Window" library="SeleniumLibrary">
<doc>Maximizes current browser window.</doc>
<status status="PASS" starttime="20240201 20:36:32.738" endtime="20240201 20:36:32.865"/>
</kw>
<kw name="Wait Until Element Is Visible" library="SeleniumLibrary">
<arg>${login_Page.Input_Email}</arg>
<arg>10s</arg>
<doc>Waits until the element ``locator`` is visible.</doc>
<status status="PASS" starttime="20240201 20:36:32.865" endtime="20240201 20:36:32.895"/>
</kw>
<kw name="Input Text" library="SeleniumLibrary">
<arg>${login_Page.Input_Email}</arg>
<arg>${geral.Email}</arg>
<doc>Types the given ``text`` into the text field identified by ``locator``.</doc>
<msg timestamp="20240201 20:36:32.896" level="INFO">Typing text 'natanael.santos.lino08@aluno.ifce.edu.br' into text field '//input[@name="identifier"]'.</msg>
<status status="PASS" starttime="20240201 20:36:32.895" endtime="20240201 20:36:33.111"/>
</kw>
<kw name="Press Keys" library="SeleniumLibrary">
<arg>${login_Page.Input_Email}</arg>
<arg>ENTER</arg>
<doc>Simulates the user pressing key(s) to an element or on the active browser.</doc>
<msg timestamp="20240201 20:36:33.112" level="INFO">Sending key(s) ('ENTER',) to //input[@name="identifier"] element.</msg>
<msg timestamp="20240201 20:36:33.404" level="INFO">Pressing special key ENTER to element.</msg>
<msg timestamp="20240201 20:36:33.404" level="INFO">Releasing special key ENTER.</msg>
<status status="PASS" starttime="20240201 20:36:33.111" endtime="20240201 20:36:33.514"/>
</kw>
<kw name="Wait Until Element Is Visible" library="SeleniumLibrary">
<arg>${login_Page.Input_Senha}</arg>
<arg>10s</arg>
<doc>Waits until the element ``locator`` is visible.</doc>
<status status="PASS" starttime="20240201 20:36:33.514" endtime="20240201 20:36:37.335"/>
</kw>
<kw name="Input Text" library="SeleniumLibrary">
<arg>${login_Page.Input_Senha}</arg>
<arg>${geral.Senha}</arg>
<doc>Types the given ``text`` into the text field identified by ``locator``.</doc>
<msg timestamp="20240201 20:36:37.336" level="INFO">Typing text 'senhaTesteLasic.123' into text field '//input[@name="Passwd"]'.</msg>
<status status="PASS" starttime="20240201 20:36:37.335" endtime="20240201 20:36:37.438"/>
</kw>
<kw name="Press Keys" library="SeleniumLibrary">
<arg>${login_Page.Input_Senha}</arg>
<arg>ENTER</arg>
<doc>Simulates the user pressing key(s) to an element or on the active browser.</doc>
<msg timestamp="20240201 20:36:37.440" level="INFO">Sending key(s) ('ENTER',) to //input[@name="Passwd"] element.</msg>
<msg timestamp="20240201 20:36:37.732" level="INFO">Pressing special key ENTER to element.</msg>
<msg timestamp="20240201 20:36:37.732" level="INFO">Releasing special key ENTER.</msg>
<status status="PASS" starttime="20240201 20:36:37.438" endtime="20240201 20:36:37.772"/>
</kw>
<status status="PASS" starttime="20240201 20:36:28.329" endtime="20240201 20:36:37.772"/>
</kw>
<kw name="Dado que clique na checkbox enviar por email" library="home_page">
<kw name="Wait Until Element Is Visible" library="SeleniumLibrary">
<arg>${home_Page.Div_CheckBox}</arg>
<arg>10s</arg>
<doc>Waits until the element ``locator`` is visible.</doc>
<status status="PASS" starttime="20240201 20:36:37.773" endtime="20240201 20:36:42.821"/>
</kw>
<kw name="Click Element" library="SeleniumLibrary">
<arg>${home_Page.Div_CheckBox}</arg>
<doc>Click the element identified by ``locator``.</doc>
<msg timestamp="20240201 20:36:42.822" level="INFO">Clicking element '//div[@id="i5"]'.</msg>
<status status="PASS" starttime="20240201 20:36:42.821" endtime="20240201 20:36:42.891"/>
</kw>
<status status="PASS" starttime="20240201 20:36:37.773" endtime="20240201 20:36:42.891"/>
</kw>
<kw name="Quando informa o nome completo" library="home_page">
<kw name="Wait Until Element Is Visible" library="SeleniumLibrary">
<arg>${home_Page.Div_ListBox_Escolher_Nome}</arg>
<arg>10s</arg>
<doc>Waits until the element ``locator`` is visible.</doc>
<status status="PASS" starttime="20240201 20:36:42.892" endtime="20240201 20:36:42.927"/>
</kw>
<kw name="Click Element" library="SeleniumLibrary">
<arg>${home_Page.Div_ListBox_Escolher_Nome}</arg>
<doc>Click the element identified by ``locator``.</doc>
<msg timestamp="20240201 20:36:42.928" level="INFO">Clicking element '//div[@role="listbox"]'.</msg>
<status status="PASS" starttime="20240201 20:36:42.927" endtime="20240201 20:36:42.969"/>
</kw>
<kw name="Wait Until Element Is Visible" library="SeleniumLibrary">
<arg>${home_Page.Span_Nome_Completo}</arg>
<arg>10s</arg>
<doc>Waits until the element ``locator`` is visible.</doc>
<status status="PASS" starttime="20240201 20:36:42.969" endtime="20240201 20:36:43.205"/>
</kw>
<kw name="Click Element" library="SeleniumLibrary">
<arg>${home_Page.Span_Nome_Completo}</arg>
<doc>Click the element identified by ``locator``.</doc>
<msg timestamp="20240201 20:36:43.206" level="INFO">Clicking element '(//span[text()="Antônio Herbert da Silva Francelino"])[2]'.</msg>
<status status="PASS" starttime="20240201 20:36:43.205" endtime="20240201 20:36:43.316"/>
</kw>
<status status="PASS" starttime="20240201 20:36:42.891" endtime="20240201 20:36:43.317"/>
</kw>
<kw name="E informar horario, area e projeto trabalhado" library="home_page">
<kw name="Wait Until Element Is Visible" library="SeleniumLibrary">
<arg>${home_Page.Div_Radio_Horario}</arg>
<arg>10s</arg>
<doc>Waits until the element ``locator`` is visible.</doc>
<status status="PASS" starttime="20240201 20:36:43.317" endtime="20240201 20:36:43.347"/>
</kw>
<kw name="Click Element" library="SeleniumLibrary">
<arg>${home_Page.Div_Radio_Horario}</arg>
<doc>Click the element identified by ``locator``.</doc>
<msg timestamp="20240201 20:36:43.348" level="INFO">Clicking element '//div[@id="i31"]'.</msg>
<status status="PASS" starttime="20240201 20:36:43.347" endtime="20240201 20:36:43.850"/>
</kw>
<kw name="Wait Until Element Is Visible" library="SeleniumLibrary">
<arg>${home_Page.Div_Radio_Area}</arg>
<arg>10s</arg>
<doc>Waits until the element ``locator`` is visible.</doc>
<status status="PASS" starttime="20240201 20:36:43.850" endtime="20240201 20:36:43.874"/>
</kw>
<kw name="Click Element" library="SeleniumLibrary">
<arg>${home_Page.Div_Radio_Area}</arg>
<doc>Click the element identified by ``locator``.</doc>
<msg timestamp="20240201 20:36:43.875" level="INFO">Clicking element '//div[@id="i47"]'.</msg>
<status status="PASS" starttime="20240201 20:36:43.874" endtime="20240201 20:36:43.904"/>
</kw>
<kw name="Wait Until Element Is Visible" library="SeleniumLibrary">
<arg>${home_Page.Div_CheckBox_Projeto}</arg>
<arg>10s</arg>
<doc>Waits until the element ``locator`` is visible.</doc>
<status status="PASS" starttime="20240201 20:36:43.904" endtime="20240201 20:36:43.926"/>
</kw>
<kw name="Click Element" library="SeleniumLibrary">
<arg>${home_Page.Div_CheckBox_Projeto}</arg>
<doc>Click the element identified by ``locator``.</doc>
<msg timestamp="20240201 20:36:43.927" level="INFO">Clicking element '//div[@id="i85"]'.</msg>
<status status="PASS" starttime="20240201 20:36:43.926" endtime="20240201 20:36:43.961"/>
</kw>
<status status="PASS" starttime="20240201 20:36:43.317" endtime="20240201 20:36:43.962"/>
</kw>
<kw name="E informar atividade a ser desenvolvida" library="home_page">
<kw name="Wait Until Element Is Visible" library="SeleniumLibrary">
<arg>${home_Page.Textarea_Atividade_Desenvolvida}</arg>
<arg>10s</arg>
<doc>Waits until the element ``locator`` is visible.</doc>
<status status="PASS" starttime="20240201 20:36:43.962" endtime="20240201 20:36:43.983"/>
</kw>
<kw name="Input Text" library="SeleniumLibrary">
<arg>${home_Page.Textarea_Atividade_Desenvolvida}</arg>
<arg>${geral.Atividade_Desenvolvida}</arg>
<doc>Types the given ``text`` into the text field identified by ``locator``.</doc>
<msg timestamp="20240201 20:36:43.984" level="INFO">Typing text 'Estudo e aplicação de teste robotframework' into text field '//textarea[@class="KHxj8b tL9Q4c"]'.</msg>
<status status="PASS" starttime="20240201 20:36:43.983" endtime="20240201 20:36:44.196"/>
</kw>
<status status="PASS" starttime="20240201 20:36:43.962" endtime="20240201 20:36:44.196"/>
</kw>
<kw name="Então clique em limpar formulario" library="home_page">
<kw name="Wait Until Element Is Visible" library="SeleniumLibrary">
<arg>${home_Page.Span_Limpar_Formulario}</arg>
<arg>10s</arg>
<doc>Waits until the element ``locator`` is visible.</doc>
<status status="PASS" starttime="20240201 20:36:44.197" endtime="20240201 20:36:44.216"/>
</kw>
<kw name="Click Element" library="SeleniumLibrary">
<arg>${home_Page.Span_Limpar_Formulario}</arg>
<doc>Click the element identified by ``locator``.</doc>
<msg timestamp="20240201 20:36:44.217" level="INFO">Clicking element '//span[text()="Limpar formulário"]'.</msg>
<status status="PASS" starttime="20240201 20:36:44.216" endtime="20240201 20:36:44.266"/>
</kw>
<kw name="Wait Until Element Is Visible" library="SeleniumLibrary">
<arg>${home_Page.Span_Modal_Limpar_Formulario}</arg>
<arg>10s</arg>
<doc>Waits until the element ``locator`` is visible.</doc>
<status status="PASS" starttime="20240201 20:36:44.266" endtime="20240201 20:36:44.293"/>
</kw>
<kw name="Click Element" library="SeleniumLibrary">
<arg>${home_Page.Span_Modal_Limpar_Formulario}</arg>
<doc>Click the element identified by ``locator``.</doc>
<msg timestamp="20240201 20:36:44.294" level="INFO">Clicking element '(//span[text()="Limpar formulário"])[3]'.</msg>
<status status="PASS" starttime="20240201 20:36:44.293" endtime="20240201 20:36:44.342"/>
</kw>
<kw name="Sleep" library="BuiltIn">
<arg>5s</arg>
<doc>Pauses the test executed for the given time.</doc>
<msg timestamp="20240201 20:36:49.342" level="INFO">Slept 5 seconds</msg>
<status status="PASS" starttime="20240201 20:36:44.342" endtime="20240201 20:36:49.342"/>
</kw>
<status status="PASS" starttime="20240201 20:36:44.196" endtime="20240201 20:36:49.342"/>
</kw>
<kw name="Fechar navegador" library="setups_teardowns" type="TEARDOWN">
<kw name="Close Browser" library="SeleniumLibrary">
<doc>Closes the current browser.</doc>
<status status="PASS" starttime="20240201 20:36:49.342" endtime="20240201 20:36:51.605"/>
</kw>
<status status="PASS" starttime="20240201 20:36:49.342" endtime="20240201 20:36:51.605"/>
</kw>
<status status="PASS" starttime="20240201 20:36:28.328" endtime="20240201 20:36:51.605"/>
</test>
<status status="PASS" starttime="20240201 20:36:28.134" endtime="20240201 20:36:51.606"/>
</suite>
<status status="PASS" starttime="20240201 20:36:28.116" endtime="20240201 20:36:51.607"/>
</suite>
<statistics>
<total>
<stat pass="1" fail="0" skip="0">All Tests</stat>
</total>
<tag>
</tag>
<suite>
<stat pass="1" fail="0" skip="0" id="s1" name="preencher Formulario">preencher Formulario</stat>
<stat pass="1" fail="0" skip="0" id="s1-s1" name="preencher Formulario">preencher Formulario.preencher Formulario</stat>
</suite>
</statistics>
<errors>
</errors>
</robot>
